=== Запуск Wordle ===
Словарь загружен: 4157 слов из файла words_ru.txt
Начата новая игра. Загаданное слово: отлив
Ход 1: слово='ковер', подсказка='-^^--', осталось шагов=5
Ход 2: слово='виола', подсказка='^^^^-', осталось шагов=4
Ход 3: слово='облог', подсказка='+-+--', осталось шагов=3
Ход 4: слово='олива', подсказка='+^^^-', осталось шагов=2
Ход 5: слово='кащей', подсказка='-----', осталось шагов=1
Ход 6: слово='макет', подсказка='----^', осталось шагов=0
Игра завершена. Результат: поражение. Слово: отлив
=== Конец сессии ===
=== Запуск Wordle ===
Словарь загружен: 4157 слов из файла words_ru.txt
Начата новая игра. Загаданное слово: фюрер
Ход 1: слово='отлив', подсказка='-----', осталось шагов=5
Ход 2: слово='катет', подсказка='---+-', осталось шагов=4
Ход 3: слово='макет', подсказка='---+-', осталось шагов=3
Ход 4: слово='сотка', подсказка='-----', осталось шагов=2
Ход 5: слово='аборт', подсказка='---^-', осталось шагов=1
Ход 6: слово='перед', подсказка='--++-', осталось шагов=0
Игра завершена. Результат: поражение. Слово: фюрер
=== Конец сессии ===
=== Запуск Wordle ===
Словарь загружен: 4157 слов из файла words_ru.txt
Начата новая игра. Загаданное слово: вакуф
Ход 1: слово='шафер', подсказка='-+^--', осталось шагов=5
Ход 2: слово='фауна', подсказка='^+^--', осталось шагов=4
Ход 3: слово='вакуф', подсказка='+++++', осталось шагов=3
Игра завершена. Результат: победа. Слово: вакуф
=== Конец сессии ===
=== Запуск Wordle ===
Словарь загружен: 4157 слов из файла words_ru.txt
Начата новая игра. Загаданное слово: кнехт
Ход 1: слово='опера', подсказка='--+--', осталось шагов=5
Ход 2: слово='корка', подсказка='+----', осталось шагов=4
Ход 3: слово='крест', подсказка='+-+-+', осталось шагов=3
Ход 4: слово='клект', подсказка='+-+-+', осталось шагов=2
Ход 5: слово='кнехт', подсказка='+++++', осталось шагов=1
Игра завершена. Результат: победа. Слово: кнехт
=== Конец сессии ===
